659
PAINT_SQUARE 20 32 11
PAINT_SQUARE 15 123 6
PAINT_SQUARE 15 135 6
PAINT_SQUARE 10 161 5
PAINT_SQUARE 18 69 5
PAINT_SQUARE 18 79 5
PAINT_SQUARE 19 101 5
PAINT_SQUARE 13 145 4
PAINT_SQUARE 18 110 4
PAINT_SQUARE 19 160 4
PAINT_SQUARE 21 145 4
PAINT_SQUARE 28 46 3
PAINT_SQUARE 28 52 3
PAINT_SQUARE 28 58 3
PAINT_SQUARE 11 45 2
PAINT_SQUARE 11 49 2
PAINT_SQUARE 11 53 2
PAINT_SQUARE 15 176 2
PAINT_SQUARE 15 180 2
PAINT_SQUARE 15 184 2
PAINT_SQUARE 15 188 2
PAINT_SQUARE 24 13 2
PAINT_SQUARE 24 17 2
PAINT_SQUARE 27 125 2
PAINT_SQUARE 27 129 2
PAINT_SQUARE 27 133 2
PAINT_SQUARE 27 137 2
PAINT_SQUARE 27 141 2
PAINT_SQUARE 27 145 2
PAINT_SQUARE 27 175 2
PAINT_SQUARE 27 179 2
PAINT_SQUARE 27 183 2
PAINT_SQUARE 27 187 2
PAINT_SQUARE 6 14 1
PAINT_SQUARE 6 188 1
PAINT_SQUARE 6 190 1
PAINT_SQUARE 6 192 1
PAINT_SQUARE 10 6 1
PAINT_SQUARE 10 18 1
PAINT_SQUARE 10 56 1
PAINT_SQUARE 12 56 1
PAINT_SQUARE 14 85 1
PAINT_SQUARE 15 115 1
PAINT_SQUARE 16 85 1
PAINT_SQUARE 16 165 1
PAINT_SQUARE 17 115 1
PAINT_SQUARE 18 53 1
PAINT_SQUARE 18 55 1
PAINT_SQUARE 18 57 1
PAINT_SQUARE 18 59 1
PAINT_SQUARE 18 61 1
PAINT_SQUARE 18 85 1
PAINT_SQUARE 18 165 1
PAINT_SQUARE 19 115 1
PAINT_SQUARE 20 85 1
PAINT_SQUARE 20 165 1
PAINT_SQUARE 21 115 1
PAINT_SQUARE 22 85 1
PAINT_SQUARE 22 165 1
PAINT_SQUARE 23 107 1
PAINT_SQUARE 23 109 1
PAINT_SQUARE 23 111 1
PAINT_SQUARE 23 113 1
PAINT_SQUARE 25 110 1
PAINT_SQUARE 26 62 1
PAINT_SQUARE 26 148 1
PAINT_SQUARE 26 190 1
PAINT_SQUARE 27 110 1
PAINT_SQUARE 28 62 1
PAINT_SQUARE 28 148 1
PAINT_SQUARE 30 62 1
PAINT_SQUARE 30 114 1
PAINT_SQUARE 30 170 1
PAINT_SQUARE 32 170 1
PAINT_SQUARE 34 170 1
PAINT_SQUARE 5 15 0
PAINT_SQUARE 5 16 0
PAINT_SQUARE 5 166 0
PAINT_SQUARE 5 193 0
PAINT_SQUARE 5 194 0
PAINT_SQUARE 6 15 0
PAINT_SQUARE 6 16 0
PAINT_SQUARE 6 166 0
PAINT_SQUARE 6 193 0
PAINT_SQUARE 6 194 0
PAINT_SQUARE 7 13 0
PAINT_SQUARE 7 14 0
PAINT_SQUARE 7 15 0
PAINT_SQUARE 7 16 0
PAINT_SQUARE 7 76 0
PAINT_SQUARE 7 77 0
PAINT_SQUARE 7 78 0
PAINT_SQUARE 7 79 0
PAINT_SQUARE 7 80 0
PAINT_SQUARE 7 81 0
PAINT_SQUARE 7 82 0
PAINT_SQUARE 7 166 0
PAINT_SQUARE 7 183 0
PAINT_SQUARE 7 184 0
PAINT_SQUARE 7 185 0
PAINT_SQUARE 7 186 0
PAINT_SQUARE 7 187 0
PAINT_SQUARE 7 188 0
PAINT_SQUARE 7 189 0
PAINT_SQUARE 7 190 0
PAINT_SQUARE 7 191 0
PAINT_SQUARE 7 192 0
PAINT_SQUARE 7 193 0
PAINT_SQUARE 7 194 0
PAINT_SQUARE 8 13 0
PAINT_SQUARE 8 14 0
PAINT_SQUARE 8 15 0
PAINT_SQUARE 8 16 0
PAINT_SQUARE 8 75 0
PAINT_SQUARE 8 76 0
PAINT_SQUARE 8 77 0
PAINT_SQUARE 8 78 0
PAINT_SQUARE 8 79 0
PAINT_SQUARE 8 80 0
PAINT_SQUARE 8 81 0
PAINT_SQUARE 8 82 0
PAINT_SQUARE 8 83 0
PAINT_SQUARE 8 166 0
PAINT_SQUARE 8 183 0
PAINT_SQUARE 8 184 0
PAINT_SQUARE 8 185 0
PAINT_SQUARE 8 186 0
PAINT_SQUARE 9 7 0
PAINT_SQUARE 9 8 0
PAINT_SQUARE 9 16 0
PAINT_SQUARE 9 19 0
PAINT_SQUARE 9 20 0
PAINT_SQUARE 9 57 0
PAINT_SQUARE 9 149 0
PAINT_SQUARE 9 166 0
PAINT_SQUARE 10 7 0
PAINT_SQUARE 10 8 0
PAINT_SQUARE 10 19 0
PAINT_SQUARE 10 20 0
PAINT_SQUARE 10 57 0
PAINT_SQUARE 10 58 0
PAINT_SQUARE 10 149 0
PAINT_SQUARE 10 166 0
PAINT_SQUARE 11 5 0
PAINT_SQUARE 11 6 0
PAINT_SQUARE 11 7 0
PAINT_SQUARE 11 8 0
PAINT_SQUARE 11 9 0
PAINT_SQUARE 11 10 0
PAINT_SQUARE 11 11 0
PAINT_SQUARE 11 12 0
PAINT_SQUARE 11 13 0
PAINT_SQUARE 11 14 0
PAINT_SQUARE 11 15 0
PAINT_SQUARE 11 16 0
PAINT_SQUARE 11 17 0
PAINT_SQUARE 11 18 0
PAINT_SQUARE 11 19 0
PAINT_SQUARE 11 20 0
PAINT_SQUARE 11 57 0
PAINT_SQUARE 11 58 0
PAINT_SQUARE 11 92 0
PAINT_SQUARE 11 93 0
PAINT_SQUARE 11 94 0
PAINT_SQUARE 11 149 0
PAINT_SQUARE 11 166 0
PAINT_SQUARE 12 9 0
PAINT_SQUARE 12 10 0
PAINT_SQUARE 12 11 0
PAINT_SQUARE 12 12 0
PAINT_SQUARE 12 13 0
PAINT_SQUARE 12 14 0
PAINT_SQUARE 12 15 0
PAINT_SQUARE 12 16 0
PAINT_SQUARE 12 57 0
PAINT_SQUARE 12 58 0
PAINT_SQUARE 12 91 0
PAINT_SQUARE 12 92 0
PAINT_SQUARE 12 93 0
PAINT_SQUARE 12 94 0
PAINT_SQUARE 12 95 0
PAINT_SQUARE 12 149 0
PAINT_SQUARE 12 166 0
PAINT_SQUARE 13 5 0
PAINT_SQUARE 13 6 0
PAINT_SQUARE 13 7 0
PAINT_SQUARE 13 8 0
PAINT_SQUARE 13 11 0
PAINT_SQUARE 13 12 0
PAINT_SQUARE 13 43 0
PAINT_SQUARE 13 44 0
PAINT_SQUARE 13 45 0
PAINT_SQUARE 13 46 0
PAINT_SQUARE 13 47 0
PAINT_SQUARE 13 48 0
PAINT_SQUARE 13 49 0
PAINT_SQUARE 13 50 0
PAINT_SQUARE 13 51 0
PAINT_SQUARE 13 52 0
PAINT_SQUARE 13 53 0
PAINT_SQUARE 13 54 0
PAINT_SQUARE 13 55 0
PAINT_SQUARE 13 56 0
PAINT_SQUARE 13 57 0
PAINT_SQUARE 13 86 0
PAINT_SQUARE 13 87 0
PAINT_SQUARE 13 93 0
PAINT_SQUARE 13 94 0
PAINT_SQUARE 13 149 0
PAINT_SQUARE 13 166 0
PAINT_SQUARE 13 190 0
PAINT_SQUARE 14 5 0
PAINT_SQUARE 14 6 0
PAINT_SQUARE 14 7 0
PAINT_SQUARE 14 8 0
PAINT_SQUARE 14 43 0
PAINT_SQUARE 14 86 0
PAINT_SQUARE 14 87 0
PAINT_SQUARE 14 116 0
PAINT_SQUARE 14 149 0
PAINT_SQUARE 14 166 0
PAINT_SQUARE 14 173 0
PAINT_SQUARE 14 190 0
PAINT_SQUARE 15 43 0
PAINT_SQUARE 15 86 0
PAINT_SQUARE 15 87 0
PAINT_SQUARE 15 116 0
PAINT_SQUARE 15 149 0
PAINT_SQUARE 15 166 0
PAINT_SQUARE 15 173 0
PAINT_SQUARE 15 190 0
PAINT_SQUARE 16 43 0
PAINT_SQUARE 16 86 0
PAINT_SQUARE 16 87 0
PAINT_SQUARE 16 116 0
PAINT_SQUARE 16 149 0
PAINT_SQUARE 16 166 0
PAINT_SQUARE 16 173 0
PAINT_SQUARE 16 190 0
PAINT_SQUARE 17 43 0
PAINT_SQUARE 17 62 0
PAINT_SQUARE 17 63 0
PAINT_SQUARE 17 86 0
PAINT_SQUARE 17 87 0
PAINT_SQUARE 17 116 0
PAINT_SQUARE 17 149 0
PAINT_SQUARE 17 166 0
PAINT_SQUARE 17 173 0
PAINT_SQUARE 17 174 0
PAINT_SQUARE 17 175 0
PAINT_SQUARE 17 176 0
PAINT_SQUARE 17 177 0
PAINT_SQUARE 17 178 0
PAINT_SQUARE 17 179 0
PAINT_SQUARE 17 180 0
PAINT_SQUARE 17 181 0
PAINT_SQUARE 17 182 0
PAINT_SQUARE 17 183 0
PAINT_SQUARE 17 184 0
PAINT_SQUARE 17 185 0
PAINT_SQUARE 17 186 0
PAINT_SQUARE 17 187 0
PAINT_SQUARE 17 188 0
PAINT_SQUARE 17 189 0
PAINT_SQUARE 17 190 0
PAINT_SQUARE 18 43 0
PAINT_SQUARE 18 51 0
PAINT_SQUARE 18 62 0
PAINT_SQUARE 18 63 0
PAINT_SQUARE 18 86 0
PAINT_SQUARE 18 87 0
PAINT_SQUARE 18 116 0
PAINT_SQUARE 18 149 0
PAINT_SQUARE 18 166 0
PAINT_SQUARE 18 173 0
PAINT_SQUARE 18 174 0
PAINT_SQUARE 18 175 0
PAINT_SQUARE 18 176 0
PAINT_SQUARE 18 177 0
PAINT_SQUARE 18 178 0
PAINT_SQUARE 18 179 0
PAINT_SQUARE 18 180 0
PAINT_SQUARE 18 181 0
PAINT_SQUARE 18 182 0
PAINT_SQUARE 18 183 0
PAINT_SQUARE 18 184 0
PAINT_SQUARE 18 185 0
PAINT_SQUARE 18 186 0
PAINT_SQUARE 18 187 0
PAINT_SQUARE 18 188 0
PAINT_SQUARE 18 189 0
PAINT_SQUARE 18 190 0
PAINT_SQUARE 19 43 0
PAINT_SQUARE 19 51 0
PAINT_SQUARE 19 52 0
PAINT_SQUARE 19 53 0
PAINT_SQUARE 19 54 0
PAINT_SQUARE 19 55 0
PAINT_SQUARE 19 56 0
PAINT_SQUARE 19 57 0
PAINT_SQUARE 19 58 0
PAINT_SQUARE 19 59 0
PAINT_SQUARE 19 60 0
PAINT_SQUARE 19 61 0
PAINT_SQUARE 19 62 0
PAINT_SQUARE 19 63 0
PAINT_SQUARE 19 86 0
PAINT_SQUARE 19 87 0
PAINT_SQUARE 19 116 0
PAINT_SQUARE 19 149 0
PAINT_SQUARE 19 166 0
PAINT_SQUARE 20 43 0
PAINT_SQUARE 20 52 0
PAINT_SQUARE 20 53 0
PAINT_SQUARE 20 54 0
PAINT_SQUARE 20 55 0
PAINT_SQUARE 20 56 0
PAINT_SQUARE 20 57 0
PAINT_SQUARE 20 58 0
PAINT_SQUARE 20 59 0
PAINT_SQUARE 20 60 0
PAINT_SQUARE 20 61 0
PAINT_SQUARE 20 62 0
PAINT_SQUARE 20 63 0
PAINT_SQUARE 20 86 0
PAINT_SQUARE 20 87 0
PAINT_SQUARE 20 116 0
PAINT_SQUARE 20 149 0
PAINT_SQUARE 20 166 0
PAINT_SQUARE 21 43 0
PAINT_SQUARE 21 86 0
PAINT_SQUARE 21 87 0
PAINT_SQUARE 21 116 0
PAINT_SQUARE 21 117 0
PAINT_SQUARE 21 118 0
PAINT_SQUARE 21 119 0
PAINT_SQUARE 21 120 0
PAINT_SQUARE 21 121 0
PAINT_SQUARE 21 122 0
PAINT_SQUARE 21 123 0
PAINT_SQUARE 21 124 0
PAINT_SQUARE 21 125 0
PAINT_SQUARE 21 126 0
PAINT_SQUARE 21 127 0
PAINT_SQUARE 21 128 0
PAINT_SQUARE 21 129 0
PAINT_SQUARE 21 130 0
PAINT_SQUARE 21 131 0
PAINT_SQUARE 21 132 0
PAINT_SQUARE 21 133 0
PAINT_SQUARE 21 134 0
PAINT_SQUARE 21 135 0
PAINT_SQUARE 21 136 0
PAINT_SQUARE 21 137 0
PAINT_SQUARE 21 138 0
PAINT_SQUARE 21 139 0
PAINT_SQUARE 21 140 0
PAINT_SQUARE 21 149 0
PAINT_SQUARE 21 166 0
PAINT_SQUARE 22 19 0
PAINT_SQUARE 22 20 0
PAINT_SQUARE 22 43 0
PAINT_SQUARE 22 86 0
PAINT_SQUARE 22 87 0
PAINT_SQUARE 22 114 0
PAINT_SQUARE 22 115 0
PAINT_SQUARE 22 116 0
PAINT_SQUARE 22 140 0
PAINT_SQUARE 22 149 0
PAINT_SQUARE 22 166 0
PAINT_SQUARE 23 10 0
PAINT_SQUARE 23 19 0
PAINT_SQUARE 23 20 0
PAINT_SQUARE 23 43 0
PAINT_SQUARE 23 64 0
PAINT_SQUARE 23 65 0
PAINT_SQUARE 23 66 0
PAINT_SQUARE 23 67 0
PAINT_SQUARE 23 68 0
PAINT_SQUARE 23 69 0
PAINT_SQUARE 23 70 0
PAINT_SQUARE 23 71 0
PAINT_SQUARE 23 72 0
PAINT_SQUARE 23 73 0
PAINT_SQUARE 23 74 0
PAINT_SQUARE 23 75 0
PAINT_SQUARE 23 76 0
PAINT_SQUARE 23 77 0
PAINT_SQUARE 23 78 0
PAINT_SQUARE 23 79 0
PAINT_SQUARE 23 80 0
PAINT_SQUARE 23 81 0
PAINT_SQUARE 23 82 0
PAINT_SQUARE 23 83 0
PAINT_SQUARE 23 84 0
PAINT_SQUARE 23 85 0
PAINT_SQUARE 23 86 0
PAINT_SQUARE 23 87 0
PAINT_SQUARE 23 114 0
PAINT_SQUARE 23 115 0
PAINT_SQUARE 23 116 0
PAINT_SQUARE 23 140 0
PAINT_SQUARE 23 149 0
PAINT_SQUARE 23 156 0
PAINT_SQUARE 23 157 0
PAINT_SQUARE 23 158 0
PAINT_SQUARE 23 159 0
PAINT_SQUARE 23 160 0
PAINT_SQUARE 23 161 0
PAINT_SQUARE 23 162 0
PAINT_SQUARE 23 163 0
PAINT_SQUARE 23 164 0
PAINT_SQUARE 23 165 0
PAINT_SQUARE 23 166 0
PAINT_SQUARE 24 10 0
PAINT_SQUARE 24 19 0
PAINT_SQUARE 24 20 0
PAINT_SQUARE 24 43 0
PAINT_SQUARE 24 63 0
PAINT_SQUARE 24 64 0
PAINT_SQUARE 24 65 0
PAINT_SQUARE 24 66 0
PAINT_SQUARE 24 67 0
PAINT_SQUARE 24 68 0
PAINT_SQUARE 24 69 0
PAINT_SQUARE 24 70 0
PAINT_SQUARE 24 71 0
PAINT_SQUARE 24 72 0
PAINT_SQUARE 24 73 0
PAINT_SQUARE 24 74 0
PAINT_SQUARE 24 75 0
PAINT_SQUARE 24 76 0
PAINT_SQUARE 24 77 0
PAINT_SQUARE 24 78 0
PAINT_SQUARE 24 79 0
PAINT_SQUARE 24 80 0
PAINT_SQUARE 24 81 0
PAINT_SQUARE 24 82 0
PAINT_SQUARE 24 83 0
PAINT_SQUARE 24 84 0
PAINT_SQUARE 24 85 0
PAINT_SQUARE 24 86 0
PAINT_SQUARE 24 87 0
PAINT_SQUARE 24 96 0
PAINT_SQUARE 24 97 0
PAINT_SQUARE 24 98 0
PAINT_SQUARE 24 99 0
PAINT_SQUARE 24 100 0
PAINT_SQUARE 24 101 0
PAINT_SQUARE 24 102 0
PAINT_SQUARE 24 103 0
PAINT_SQUARE 24 104 0
PAINT_SQUARE 24 105 0
PAINT_SQUARE 24 106 0
PAINT_SQUARE 24 107 0
PAINT_SQUARE 24 108 0
PAINT_SQUARE 24 111 0
PAINT_SQUARE 24 112 0
PAINT_SQUARE 24 113 0
PAINT_SQUARE 24 114 0
PAINT_SQUARE 24 115 0
PAINT_SQUARE 24 140 0
PAINT_SQUARE 24 149 0
PAINT_SQUARE 24 156 0
PAINT_SQUARE 24 157 0
PAINT_SQUARE 24 158 0
PAINT_SQUARE 24 159 0
PAINT_SQUARE 24 160 0
PAINT_SQUARE 24 161 0
PAINT_SQUARE 24 162 0
PAINT_SQUARE 24 163 0
PAINT_SQUARE 24 164 0
PAINT_SQUARE 24 165 0
PAINT_SQUARE 24 166 0
PAINT_SQUARE 25 4 0
PAINT_SQUARE 25 5 0
PAINT_SQUARE 25 6 0
PAINT_SQUARE 25 7 0
PAINT_SQUARE 25 8 0
PAINT_SQUARE 25 9 0
PAINT_SQUARE 25 10 0
PAINT_SQUARE 25 19 0
PAINT_SQUARE 25 20 0
PAINT_SQUARE 25 63 0
PAINT_SQUARE 25 111 0
PAINT_SQUARE 25 112 0
PAINT_SQUARE 25 149 0
PAINT_SQUARE 25 191 0
PAINT_SQUARE 26 4 0
PAINT_SQUARE 26 5 0
PAINT_SQUARE 26 6 0
PAINT_SQUARE 26 7 0
PAINT_SQUARE 26 8 0
PAINT_SQUARE 26 9 0
PAINT_SQUARE 26 10 0
PAINT_SQUARE 26 11 0
PAINT_SQUARE 26 12 0
PAINT_SQUARE 26 13 0
PAINT_SQUARE 26 14 0
PAINT_SQUARE 26 15 0
PAINT_SQUARE 26 16 0
PAINT_SQUARE 26 17 0
PAINT_SQUARE 26 18 0
PAINT_SQUARE 26 19 0
PAINT_SQUARE 26 20 0
PAINT_SQUARE 26 63 0
PAINT_SQUARE 26 111 0
PAINT_SQUARE 26 112 0
PAINT_SQUARE 26 149 0
PAINT_SQUARE 26 191 0
PAINT_SQUARE 27 20 0
PAINT_SQUARE 27 63 0
PAINT_SQUARE 27 105 0
PAINT_SQUARE 27 106 0
PAINT_SQUARE 27 107 0
PAINT_SQUARE 27 108 0
PAINT_SQUARE 27 111 0
PAINT_SQUARE 27 112 0
PAINT_SQUARE 27 149 0
PAINT_SQUARE 27 189 0
PAINT_SQUARE 27 190 0
PAINT_SQUARE 27 191 0
PAINT_SQUARE 28 63 0
PAINT_SQUARE 28 105 0
PAINT_SQUARE 28 106 0
PAINT_SQUARE 28 107 0
PAINT_SQUARE 28 108 0
PAINT_SQUARE 28 109 0
PAINT_SQUARE 28 110 0
PAINT_SQUARE 28 111 0
PAINT_SQUARE 28 112 0
PAINT_SQUARE 28 149 0
PAINT_SQUARE 28 189 0
PAINT_SQUARE 28 190 0
PAINT_SQUARE 28 191 0
PAINT_SQUARE 29 63 0
PAINT_SQUARE 29 115 0
PAINT_SQUARE 29 116 0
PAINT_SQUARE 29 123 0
PAINT_SQUARE 29 124 0
PAINT_SQUARE 29 125 0
PAINT_SQUARE 29 126 0
PAINT_SQUARE 29 127 0
PAINT_SQUARE 29 128 0
PAINT_SQUARE 29 129 0
PAINT_SQUARE 29 130 0
PAINT_SQUARE 29 131 0
PAINT_SQUARE 29 132 0
PAINT_SQUARE 29 133 0
PAINT_SQUARE 29 134 0
PAINT_SQUARE 29 135 0
PAINT_SQUARE 29 136 0
PAINT_SQUARE 29 137 0
PAINT_SQUARE 29 138 0
PAINT_SQUARE 29 139 0
PAINT_SQUARE 29 140 0
PAINT_SQUARE 29 141 0
PAINT_SQUARE 29 142 0
PAINT_SQUARE 29 143 0
PAINT_SQUARE 29 144 0
PAINT_SQUARE 29 145 0
PAINT_SQUARE 29 146 0
PAINT_SQUARE 29 147 0
PAINT_SQUARE 29 148 0
PAINT_SQUARE 29 149 0
PAINT_SQUARE 29 171 0
PAINT_SQUARE 29 172 0
PAINT_SQUARE 29 173 0
PAINT_SQUARE 29 174 0
PAINT_SQUARE 29 175 0
PAINT_SQUARE 29 176 0
PAINT_SQUARE 29 177 0
PAINT_SQUARE 29 178 0
PAINT_SQUARE 29 179 0
PAINT_SQUARE 29 180 0
PAINT_SQUARE 29 181 0
PAINT_SQUARE 29 182 0
PAINT_SQUARE 29 183 0
PAINT_SQUARE 29 184 0
PAINT_SQUARE 29 185 0
PAINT_SQUARE 29 186 0
PAINT_SQUARE 29 187 0
PAINT_SQUARE 29 188 0
PAINT_SQUARE 29 189 0
PAINT_SQUARE 29 190 0
PAINT_SQUARE 30 63 0
PAINT_SQUARE 30 115 0
PAINT_SQUARE 30 116 0
PAINT_SQUARE 30 171 0
PAINT_SQUARE 30 172 0
PAINT_SQUARE 31 21 0
PAINT_SQUARE 31 22 0
PAINT_SQUARE 31 23 0
PAINT_SQUARE 31 24 0
PAINT_SQUARE 31 25 0
PAINT_SQUARE 31 26 0
PAINT_SQUARE 31 27 0
PAINT_SQUARE 31 28 0
PAINT_SQUARE 31 29 0
PAINT_SQUARE 31 30 0
PAINT_SQUARE 31 31 0
PAINT_SQUARE 31 32 0
PAINT_SQUARE 31 33 0
PAINT_SQUARE 31 34 0
PAINT_SQUARE 31 35 0
PAINT_SQUARE 31 36 0
PAINT_SQUARE 31 37 0
PAINT_SQUARE 31 38 0
PAINT_SQUARE 31 39 0
PAINT_SQUARE 31 40 0
PAINT_SQUARE 31 41 0
PAINT_SQUARE 31 42 0
PAINT_SQUARE 31 43 0
PAINT_SQUARE 31 44 0
PAINT_SQUARE 31 45 0
PAINT_SQUARE 31 46 0
PAINT_SQUARE 31 47 0
PAINT_SQUARE 31 48 0
PAINT_SQUARE 31 49 0
PAINT_SQUARE 31 50 0
PAINT_SQUARE 31 51 0
PAINT_SQUARE 31 52 0
PAINT_SQUARE 31 53 0
PAINT_SQUARE 31 54 0
PAINT_SQUARE 31 55 0
PAINT_SQUARE 31 56 0
PAINT_SQUARE 31 57 0
PAINT_SQUARE 31 58 0
PAINT_SQUARE 31 59 0
PAINT_SQUARE 31 60 0
PAINT_SQUARE 31 61 0
PAINT_SQUARE 31 62 0
PAINT_SQUARE 31 63 0
PAINT_SQUARE 31 113 0
PAINT_SQUARE 31 114 0
PAINT_SQUARE 31 115 0
PAINT_SQUARE 31 116 0
PAINT_SQUARE 31 171 0
PAINT_SQUARE 31 172 0
PAINT_SQUARE 32 113 0
PAINT_SQUARE 32 114 0
PAINT_SQUARE 32 115 0
PAINT_SQUARE 32 116 0
PAINT_SQUARE 32 171 0
PAINT_SQUARE 32 172 0
PAINT_SQUARE 33 171 0
PAINT_SQUARE 33 172 0
PAINT_SQUARE 33 173 0
PAINT_SQUARE 34 171 0
PAINT_SQUARE 34 172 0
PAINT_SQUARE 34 173 0
PAINT_SQUARE 35 169 0
PAINT_SQUARE 35 170 0
PAINT_SQUARE 35 171 0
PAINT_SQUARE 35 172 0
PAINT_SQUARE 36 169 0
PAINT_SQUARE 36 170 0
PAINT_SQUARE 36 171 0
PAINT_SQUARE 36 172 0
